<?xml version="1.0" encoding="UTF-8"?>
<!-- Generated by org.testng.reporters.JUnitReportReporter -->
<testsuite skipped="0" hostname="LAPTOP-B1BUUF51" name="tests.Tests" tests="1" failures="0" timestamp="07 Aug 2019 11:38:13 GMT" time="14.929" errors="0">
  <testcase name="testGenderlInformation" time="14.929" classname="tests.Tests"/>
</testsuite> <!-- tests.Tests -->
